<?xml version="1.0" encoding="UTF-8"?>
<!-- Generated by org.testng.reporters.JUnitXMLReporter -->
<testsuite hostname="Yogeshs-MBP" ignored="0" name="Default test" tests="5" failures="0" timestamp="2022-01-22T12:35:27 GST" time="2.288" errors="0">
  <testcase name="validateProgramType" time="0.978" classname="RestAssured_PromotionsAPI.Promotions_Validation"/>
  <testcase name="validatePromotionIdIsString" time="0.097" classname="RestAssured_PromotionsAPI.Promotions_Validation"/>
  <testcase name="validateStatusCode" time="0.073" classname="RestAssured_PromotionsAPI.Promotions_Validation"/>
  <testcase name="validateWithInvalidKey" time="0.882" classname="RestAssured_PromotionsAPI.Promotions_Validation"/>
  <testcase name="verifyGetPromotionDetails" time="0.18" classname="RestAssured_PromotionsAPI.Promotions_Validation"/>
</testsuite> <!-- Default test -->
