<?xml version="1.0" encoding="UTF-8"?>
<testng-results skipped="0" failed="0" ignored="0" total="5" passed="5">
  <reporter-output>
  </reporter-output>
  <suite name="Default suite" duration-ms="2288" started-at="2022-01-22T12:35:24 GST" finished-at="2022-01-22T12:35:27 GST">
    <groups>
    </groups>
    <test name="Default test" duration-ms="2288" started-at="2022-01-22T12:35:24 GST" finished-at="2022-01-22T12:35:27 GST">
      <class name="RestAssured_PromotionsAPI.Promotions_Validation">
        <test-method status="PASS" signature="validateProgramType()[pri:0, instance:RestAssured_PromotionsAPI.Promotions_Validation@ec2cc4]" name="validateProgramType" duration-ms="978" started-at="2022-01-22T12:35:24 GST" description="To validate that programType contain any Episode/Movie/Series/Season ID  value" finished-at="2022-01-22T12:35:25 GST">
          <reporter-output>
          </reporter-output>
        </test-method> <!-- validateProgramType -->
        <test-method status="PASS" signature="validatePromotionIdIsString()[pri:0, instance:RestAssured_PromotionsAPI.Promotions_Validation@ec2cc4]" name="validatePromotionIdIsString" duration-ms="97" started-at="2022-01-22T12:35:25 GST" description="To validate that promotion ID has string value" finished-at="2022-01-22T12:35:25 GST">
          <reporter-output>
          </reporter-output>
        </test-method> <!-- validatePromotionIdIsString -->
        <test-method status="PASS" signature="validateStatusCode()[pri:0, instance:RestAssured_PromotionsAPI.Promotions_Validation@ec2cc4]" name="validateStatusCode" duration-ms="73" started-at="2022-01-22T12:35:25 GST" description="To validate the response code of api" finished-at="2022-01-22T12:35:25 GST">
          <reporter-output>
          </reporter-output>
        </test-method> <!-- validateStatusCode -->
        <test-method status="PASS" signature="validateWithInvalidKey()[pri:0, instance:RestAssured_PromotionsAPI.Promotions_Validation@ec2cc4]" name="validateWithInvalidKey" duration-ms="882" started-at="2022-01-22T12:35:25 GST" description="To validate the API response by passing Invalid API key" finished-at="2022-01-22T12:35:26 GST">
          <reporter-output>
          </reporter-output>
        </test-method> <!-- validateWithInvalidKey -->
        <test-method status="PASS" signature="verifyGetPromotionDetails()[pri:0, instance:RestAssured_PromotionsAPI.Promotions_Validation@ec2cc4]" name="verifyGetPromotionDetails" duration-ms="180" started-at="2022-01-22T12:35:26 GST" description="To validate Promotion API Json response with assertions" finished-at="2022-01-22T12:35:27 GST">
          <reporter-output>
          </reporter-output>
        </test-method> <!-- verifyGetPromotionDetails -->
      </class> <!-- RestAssured_PromotionsAPI.Promotions_Validation -->
    </test> <!-- Default test -->
  </suite> <!-- Default suite -->
</testng-results>
